# JRE version: OpenJDK Runtime Environment (8.0_242-b01) (build 1.8.0_242-release-1644-b01)
# Java VM: OpenJDK 64-Bit Server VM (25.242-b01 mixed mode windows-amd64 compressed oops)
Heap:
 PSYoungGen      total 216064K, used 30630K [0x00000000d5580000, 0x00000000e4380000, 0x0000000100000000)
  eden space 199168K, 15% used [0x00000000d5580000,0x00000000d7369808,0x00000000e1800000)
  from space 16896K, 0% used [0x00000000e2c00000,0x00000000e2c00000,0x00000000e3c80000)
  to   space 20480K, 0% used [0x00000000e1800000,0x00000000e1800000,0x00000000e2c00000)
 ParOldGen       total 104960K, used 33587K [0x0000000080000000, 0x0000000086680000, 0x00000000d5580000)
  object space 104960K, 32% used [0x0000000080000000,0x00000000820ccd10,0x0000000086680000)
 Metaspace       used 58409K, capacity 60492K, committed 60840K, reserved 1101824K
  class space    used 8032K, capacity 8511K, committed 8624K, reserved 1048576K
GC Heap History (10 events):
Event: 8.427 GC heap before
{Heap before GC invocations=9 (full 1):
 PSYoungGen      total 103936K, used 45997K [0x00000000d5580000, 0x00000000e0b80000, 0x0000000100000000)
  eden space 92160K, 38% used [0x00000000d5580000,0x00000000d783a1e8,0x00000000daf80000)
  from space 11776K, 88% used [0x00000000daf80000,0x00000000db9b1270,0x00000000dbb00000)
  to   space 12800K, 0% used [0x00000000dff00000,0x00000000dff00000,0x00000000e0b80000)
 ParOldGen       total 68096K, used 7591K [0x0000000080000000, 0x0000000084280000, 0x00000000d5580000)
  object space 68096K, 11% used [0x0000000080000000,0x0000000080769d98,0x0000000084280000)
 Metaspace       used 34533K, capacity 35386K, committed 35496K, reserved 1079296K
  class space    used 4732K, capacity 4970K, committed 5040K, reserved 1048576K
Event: 8.446 GC heap after
Heap after GC invocations=9 (full 1):
 PSYoungGen      total 174080K, used 8238K [0x00000000d5580000, 0x00000000e0d80000, 0x0000000100000000)
  eden space 161280K, 0% used [0x00000000d5580000,0x00000000d5580000,0x00000000df300000)
  from space 12800K, 64% used [0x00000000dff00000,0x00000000e070b9c0,0x00000000e0b80000)
  to   space 12288K, 0% used [0x00000000df300000,0x00000000df300000,0x00000000dff00000)
 ParOldGen       total 68096K, used 7599K [0x0000000080000000, 0x0000000084280000, 0x00000000d5580000)
  object space 68096K, 11% used [0x0000000080000000,0x000000008076bd98,0x0000000084280000)
 Metaspace       used 34533K, capacity 35386K, committed 35496K, reserved 1079296K
  class space    used 4732K, capacity 4970K, committed 5040K, reserved 1048576K
}
Event: 8.446 GC heap before
{Heap before GC invocations=10 (full 2):
 PSYoungGen      total 174080K, used 8238K [0x00000000d5580000, 0x00000000e0d80000, 0x0000000100000000)
  eden space 161280K, 0% used [0x00000000d5580000,0x00000000d5580000,0x00000000df300000)
  from space 12800K, 64% used [0x00000000dff00000,0x00000000e070b9c0,0x00000000e0b80000)
  to   space 12288K, 0% used [0x00000000df300000,0x00000000df300000,0x00000000dff00000)
 ParOldGen       total 68096K, used 7599K [0x0000000080000000, 0x0000000084280000, 0x00000000d5580000)
  object space 68096K, 11% used [0x0000000080000000,0x000000008076bd98,0x0000000084280000)
 Metaspace       used 34533K, capacity 35386K, committed 35496K, reserved 1079296K
  class space    used 4732K, capacity 4970K, committed 5040K, reserved 1048576K
Event: 8.582 GC heap after
Heap after GC invocations=10 (full 2):
 PSYoungGen      total 174080K, used 0K [0x00000000d5580000, 0x00000000e0d80000, 0x0000000100000000)
  eden space 161280K, 0% used [0x00000000d5580000,0x00000000d5580000,0x00000000df300000)
  from space 12800K, 0% used [0x00000000dff00000,0x00000000dff00000,0x00000000e0b80000)
  to   space 12288K, 0% used [0x00000000df300000,0x00000000df300000,0x00000000dff00000)
 ParOldGen       total 104960K, used 14762K [0x0000000080000000, 0x0000000086680000, 0x00000000d5580000)
  object space 104960K, 14% used [0x0000000080000000,0x0000000080e6a948,0x0000000086680000)
 Metaspace       used 34533K, capacity 35386K, committed 35496K, reserved 1079296K
  class space    used 4732K, capacity 4970K, committed 5040K, reserved 1048576K
}
Event: 13.668 GC heap before
{Heap before GC invocations=11 (full 2):
 PSYoungGen      total 174080K, used 161280K [0x00000000d5580000, 0x00000000e0d80000, 0x0000000100000000)
  eden space 161280K, 100% used [0x00000000d5580000,0x00000000df300000,0x00000000df300000)
  from space 12800K, 0% used [0x00000000dff00000,0x00000000dff00000,0x00000000e0b80000)
  to   space 12288K, 0% used [0x00000000df300000,0x00000000df300000,0x00000000dff00000)
 ParOldGen       total 104960K, used 14762K [0x0000000080000000, 0x0000000086680000, 0x00000000d5580000)
  object space 104960K, 14% used [0x0000000080000000,0x0000000080e6a948,0x0000000086680000)
 Metaspace       used 49296K, capacity 50908K, committed 51112K, reserved 1093632K
  class space    used 6585K, capacity 6988K, committed 7088K, reserved 1048576K
Event: 13.694 GC heap after
Heap after GC invocations=11 (full 2):
 PSYoungGen      total 173568K, used 12278K [0x00000000d5580000, 0x00000000e3c80000, 0x0000000100000000)
  eden space 161280K, 0% used [0x00000000d5580000,0x00000000d5580000,0x00000000df300000)
  from space 12288K, 99% used [0x00000000df300000,0x00000000dfefd9c8,0x00000000dff00000)
  to   space 16896K, 0% used [0x00000000e2c00000,0x00000000e2c00000,0x00000000e3c80000)
 ParOldGen       total 104960K, used 22017K [0x0000000080000000, 0x0000000086680000, 0x00000000d5580000)
  object space 104960K, 20% used [0x0000000080000000,0x0000000081580408,0x0000000086680000)
 Metaspace       used 49296K, capacity 50908K, committed 51112K, reserved 1093632K
  class space    used 6585K, capacity 6988K, committed 7088K, reserved 1048576K
}
Event: 17.210 GC heap before
{Heap before GC invocations=12 (full 2):
 PSYoungGen      total 173568K, used 119847K [0x00000000d5580000, 0x00000000e3c80000, 0x0000000100000000)
  eden space 161280K, 66% used [0x00000000d5580000,0x00000000dbe8c520,0x00000000df300000)
  from space 12288K, 99% used [0x00000000df300000,0x00000000dfefd9c8,0x00000000dff00000)
  to   space 16896K, 0% used [0x00000000e2c00000,0x00000000e2c00000,0x00000000e3c80000)
 ParOldGen       total 104960K, used 22017K [0x0000000080000000, 0x0000000086680000, 0x00000000d5580000)
  object space 104960K, 20% used [0x0000000080000000,0x0000000081580408,0x0000000086680000)
 Metaspace       used 57005K, capacity 59084K, committed 59160K, reserved 1099776K
  class space    used 7830K, capacity 8301K, committed 8368K, reserved 1048576K
Event: 17.278 GC heap after
Heap after GC invocations=12 (full 2):
 PSYoungGen      total 216064K, used 16877K [0x00000000d5580000, 0x00000000e4380000, 0x0000000100000000)
  eden space 199168K, 0% used [0x00000000d5580000,0x00000000d5580000,0x00000000e1800000)
  from space 16896K, 99% used [0x00000000e2c00000,0x00000000e3c7b578,0x00000000e3c80000)
  to   space 20480K, 0% used [0x00000000e1800000,0x00000000e1800000,0x00000000e2c00000)
 ParOldGen       total 104960K, used 26930K [0x0000000080000000, 0x0000000086680000, 0x00000000d5580000)
  object space 104960K, 25% used [0x0000000080000000,0x0000000081a4cb28,0x0000000086680000)
 Metaspace       used 57005K, capacity 59084K, committed 59160K, reserved 1099776K
  class space    used 7830K, capacity 8301K, committed 8368K, reserved 1048576K
}
Event: 17.278 GC heap before
{Heap before GC invocations=13 (full 3):
 PSYoungGen      total 216064K, used 16877K [0x00000000d5580000, 0x00000000e4380000, 0x0000000100000000)
  eden space 199168K, 0% used [0x00000000d5580000,0x00000000d5580000,0x00000000e1800000)
  from space 16896K, 99% used [0x00000000e2c00000,0x00000000e3c7b578,0x00000000e3c80000)
  to   space 20480K, 0% used [0x00000000e1800000,0x00000000e1800000,0x00000000e2c00000)
 ParOldGen       total 104960K, used 26930K [0x0000000080000000, 0x0000000086680000, 0x00000000d5580000)
  object space 104960K, 25% used [0x0000000080000000,0x0000000081a4cb28,0x0000000086680000)
 Metaspace       used 57005K, capacity 59084K, committed 59160K, reserved 1099776K
  class space    used 7830K, capacity 8301K, committed 8368K, reserved 1048576K
Event: 21.600 GC heap after
Heap after GC invocations=13 (full 3):
 PSYoungGen      total 216064K, used 0K [0x00000000d5580000, 0x00000000e4380000, 0x0000000100000000)
  eden space 199168K, 0% used [0x00000000d5580000,0x00000000d5580000,0x00000000e1800000)
  from space 16896K, 0% used [0x00000000e2c00000,0x00000000e2c00000,0x00000000e3c80000)
  to   space 20480K, 0% used [0x00000000e1800000,0x00000000e1800000,0x00000000e2c00000)
 ParOldGen       total 104960K, used 33587K [0x0000000080000000, 0x0000000086680000, 0x00000000d5580000)
  object space 104960K, 32% used [0x0000000080000000,0x00000000820ccd10,0x0000000086680000)
 Metaspace       used 56978K, capacity 58994K, committed 59160K, reserved 1099776K
  class space    used 7822K, capacity 8286K, committed 8368K, reserved 1048576K
}

